<?xml version="1.0" encoding="UTF-8"?>
<testsuite xmlns:xsi="http://www.w3.org/2001/XMLSchema-instance" xsi:noNamespaceSchemaLocation="https://maven.apache.org/surefire/maven-surefire-plugin/xsd/surefire-test-report.xsd" name="TestSuite" time="11.336" tests="7" errors="0" skipped="6" failures="1">
  <properties>
[...]
</properties>
  <testcase name="precondition" classname="demoqa.forms.PracticeFormPageTests" time="10.144">
    <failure message="element click intercepted: Element &lt;div class=&quot;card mt-4 top-card&quot;&gt;...&lt;/div&gt; is not clickable at point (445, 564). Other element would receive the click: &lt;div&gt;...&lt;/div&gt;&#10;  (Session info: chrome=127.0.6533.120)&#10;Build info: version: &apos;4.23.1&apos;, revision: &apos;656257d8e9&apos;&#10;System info: os.name: &apos;Windows 10&apos;, os.arch: &apos;amd64&apos;, os.version: &apos;10.0&apos;, java.version: &apos;11.0.23&apos;&#10;Driver info: org.openqa.selenium.chrome.ChromeDriver&#10;Command: [99e79e8f8a01fe9e1a1fd53ad4dc33e1, clickElement {id=f.F521CEEBEFAFF53F6CEA714B66917D93.d.41488C4EFB323D19BADCB1DD1C7E8845.e.10}]&#10;Capabilities {acceptInsecureCerts: false, browserName: chrome, browserVersion: 127.0.6533.120, chrome: {chromedriverVersion: 127.0.6533.119 (bdef6783a05..., userDataDir: C:\Users\sereg\AppData\Loca...}, fedcm:accounts: true, goog:chromeOptions: {debuggerAddress: localhost:52723}, networkConnectionEnabled: false, pageLoadStrategy: normal, platformName: windows, proxy: Proxy(), se:cdp: ws://localhost:52723/devtoo..., se:cdpVersion: 127.0.6533.120, setWindowRect: true, strictFileInteractability: false, timeouts: {implicit: 0, pageLoad: 300000, script: 30000}, unhandledPromptBehavior: dismiss and notify, webauthn:extension:credBlob: true, webauthn:extension:largeBlob: true, webauthn:extension:minPinLength: true, webauthn:extension:prf: true, webauthn:virtualAuthenticators: true}&#10;Element: [[ChromeDriver: chrome on windows (99e79e8f8a01fe9e1a1fd53ad4dc33e1)] -&gt; css selector: .top-card:nth-child(2)]&#10;Session ID: 99e79e8f8a01fe9e1a1fd53ad4dc33e1" type="org.openqa.selenium.ElementClickInterceptedException"><![CDATA[org.openqa.selenium.ElementClickInterceptedException: 
element click intercepted: Element <div class="card mt-4 top-card">...</div> is not clickable at point (445, 564). Other element would receive the click: <div>...</div>
  (Session info: chrome=127.0.6533.120)
Build info: version: '4.23.1', revision: '656257d8e9'
System info: os.name: 'Windows 10', os.arch: 'amd64', os.version: '10.0', java.version: '11.0.23'
Driver info: org.openqa.selenium.chrome.ChromeDriver
Command: [99e79e8f8a01fe9e1a1fd53ad4dc33e1, clickElement {id=f.F521CEEBEFAFF53F6CEA714B66917D93.d.41488C4EFB323D19BADCB1DD1C7E8845.e.10}]
Capabilities {acceptInsecureCerts: false, browserName: chrome, browserVersion: 127.0.6533.120, chrome: {chromedriverVersion: 127.0.6533.119 (bdef6783a05..., userDataDir: C:\Users\sereg\AppData\Loca...}, fedcm:accounts: true, goog:chromeOptions: {debuggerAddress: localhost:52723}, networkConnectionEnabled: false, pageLoadStrategy: normal, platformName: windows, proxy: Proxy(), se:cdp: ws://localhost:52723/devtoo..., se:cdpVersion: 127.0.6533.120, setWindowRect: true, strictFileInteractability: false, timeouts: {implicit: 0, pageLoad: 300000, script: 30000}, unhandledPromptBehavior: dismiss and notify, webauthn:extension:credBlob: true, webauthn:extension:largeBlob: true, webauthn:extension:minPinLength: true, webauthn:extension:prf: true, webauthn:virtualAuthenticators: true}
Element: [[ChromeDriver: chrome on windows (99e79e8f8a01fe9e1a1fd53ad4dc33e1)] -> css selector: .top-card:nth-child(2)]
Session ID: 99e79e8f8a01fe9e1a1fd53ad4dc33e1
	at demoqa.forms.PracticeFormPageTests.precondition(PracticeFormPageTests.java:14)
]]></failure>
    <system-out><![CDATA[11:15:35.710 [main] INFO  demoqa.core.TestBase - ****************** TESTING IN PROGRESS ******************
11:15:39.919 [main] INFO  demoqa.utils.MyListener - Before get url ==>> https://demoqa.com/
11:15:41.830 [main] INFO  demoqa.utils.MyListener - After get url ==>> https://demoqa.com/
11:15:42.107 [main] INFO  demoqa.core.TestBase - Test is started: [PracticeFormTest] with no data
11:15:42.163 [main] INFO  demoqa.utils.MyListener - Before find Element ==>> By.cssSelector: .top-card:nth-child(2)
11:15:42.327 [main] INFO  demoqa.utils.MyListener - After find Element ==>> By.cssSelector: .top-card:nth-child(2)
11:15:43.759 [main] ERROR demoqa.utils.MyListener - Что-то пошло не так!!
11:15:43.761 [main] ERROR demoqa.utils.MyListener - ***************************************************
11:15:43.762 [main] ERROR demoqa.utils.MyListener - Method ==>> click
11:15:43.762 [main] ERROR demoqa.utils.MyListener - ***************************************************
11:15:43.763 [main] ERROR demoqa.utils.MyListener - Object target ==>> [[ChromeDriver: chrome on windows (99e79e8f8a01fe9e1a1fd53ad4dc33e1)] -> css selector: .top-card:nth-child(2)]
11:15:43.763 [main] ERROR demoqa.utils.MyListener - ***************************************************
11:15:43.765 [main] ERROR demoqa.utils.MyListener - Target exception ==>> org.openqa.selenium.ElementClickInterceptedException: element click intercepted: Element <div class="card mt-4 top-card">...</div> is not clickable at point (445, 564). Other element would receive the click: <div>...</div>
  (Session info: chrome=127.0.6533.120)
Build info: version: '4.23.1', revision: '656257d8e9'
System info: os.name: 'Windows 10', os.arch: 'amd64', os.version: '10.0', java.version: '11.0.23'
Driver info: org.openqa.selenium.chrome.ChromeDriver
Command: [99e79e8f8a01fe9e1a1fd53ad4dc33e1, clickElement {id=f.F521CEEBEFAFF53F6CEA714B66917D93.d.41488C4EFB323D19BADCB1DD1C7E8845.e.10}]
Capabilities {acceptInsecureCerts: false, browserName: chrome, browserVersion: 127.0.6533.120, chrome: {chromedriverVersion: 127.0.6533.119 (bdef6783a05..., userDataDir: C:\Users\sereg\AppData\Loca...}, fedcm:accounts: true, goog:chromeOptions: {debuggerAddress: localhost:52723}, networkConnectionEnabled: false, pageLoadStrategy: normal, platformName: windows, proxy: Proxy(), se:cdp: ws://localhost:52723/devtoo..., se:cdpVersion: 127.0.6533.120, setWindowRect: true, strictFileInteractability: false, timeouts: {implicit: 0, pageLoad: 300000, script: 30000}, unhandledPromptBehavior: dismiss and notify, webauthn:extension:credBlob: true, webauthn:extension:largeBlob: true, webauthn:extension:minPinLength: true, webauthn:extension:prf: true, webauthn:virtualAuthenticators: true}
Element: [[ChromeDriver: chrome on windows (99e79e8f8a01fe9e1a1fd53ad4dc33e1)] -> css selector: .top-card:nth-child(2)]
Session ID: 99e79e8f8a01fe9e1a1fd53ad4dc33e1
11:15:43.767 [main] ERROR demoqa.utils.MyListener - ***************************************************
11:15:43.768 [main] ERROR demoqa.utils.MyListener - Screenshot path is: src/screenshots/screen_1882.png
]]></system-out>
    <system-err><![CDATA[авг. 19, 2024 11:15:43 AM org.openqa.selenium.support.events.EventFiringDecorator lambda$onError$2
WARNING: class org.openqa.selenium.remote.RemoteWebElement cannot be cast to class org.openqa.selenium.chrome.ChromeDriver (org.openqa.selenium.remote.RemoteWebElement and org.openqa.selenium.chrome.ChromeDriver are in unnamed module of loader 'app')
java.lang.ClassCastException: class org.openqa.selenium.remote.RemoteWebElement cannot be cast to class org.openqa.selenium.chrome.ChromeDriver (org.openqa.selenium.remote.RemoteWebElement and org.openqa.selenium.chrome.ChromeDriver are in unnamed module of loader 'app')
	at demoqa.utils.MyListener.onError(MyListener.java:59)
	at org.openqa.selenium.support.events.EventFiringDecorator.lambda$onError$2(EventFiringDecorator.java:205)
	at java.base/java.util.Arrays$ArrayList.forEach(Arrays.java:4390)
	at org.openqa.selenium.support.events.EventFiringDecorator.onError(EventFiringDecorator.java:202)
	at org.openqa.selenium.support.decorators.DefaultDecorated.onError(DefaultDecorated.java:59)
	at org.openqa.selenium.support.decorators.WebDriverDecorator.lambda$createProxy$2(WebDriverDecorator.java:341)
	at net.bytebuddy.renamed.java.lang.Object$ByteBuddy$9ycSkOyF.click(Unknown Source)
	at java.base/jdk.internal.reflect.NativeMethodAccessorImpl.invoke0(Native Method)
	at java.base/jdk.internal.reflect.NativeMethodAccessorImpl.invoke(NativeMethodAccessorImpl.java:62)
	at java.base/jdk.internal.reflect.DelegatingMethodAccessorImpl.invoke(DelegatingMethodAccessorImpl.java:43)
	at java.base/java.lang.reflect.Method.invoke(Method.java:566)
	at org.openqa.selenium.support.pagefactory.internal.LocatingElementHandler.invoke(LocatingElementHandler.java:51)
	at com.sun.proxy.$Proxy37.click(Unknown Source)
	at demoqa.core.BasePage.click(BasePage.java:34)
	at demoqa.pages.HomePage.getForms(HomePage.java:63)
	at demoqa.forms.PracticeFormPageTests.precondition(PracticeFormPageTests.java:14)
	at java.base/jdk.internal.reflect.NativeMethodAccessorImpl.invoke0(Native Method)
	at java.base/jdk.internal.reflect.NativeMethodAccessorImpl.invoke(NativeMethodAccessorImpl.java:62)
	at java.base/jdk.internal.reflect.DelegatingMethodAccessorImpl.invoke(DelegatingMethodAccessorImpl.java:43)
	at java.base/java.lang.reflect.Method.invoke(Method.java:566)
	at org.testng.internal.invokers.MethodInvocationHelper.invokeMethod(MethodInvocationHelper.java:141)
	at org.testng.internal.invokers.MethodInvocationHelper.invokeMethodConsideringTimeout(MethodInvocationHelper.java:71)
	at org.testng.internal.invokers.ConfigInvoker.invokeConfigurationMethod(ConfigInvoker.java:400)
	at org.testng.internal.invokers.ConfigInvoker.invokeConfigurations(ConfigInvoker.java:333)
	at org.testng.internal.invokers.TestInvoker.runConfigMethods(TestInvoker.java:833)
	at org.testng.internal.invokers.TestInvoker.invokeMethod(TestInvoker.java:600)
	at org.testng.internal.invokers.TestInvoker.invokeTestMethod(TestInvoker.java:230)
	at org.testng.internal.invokers.MethodRunner.runInSequence(MethodRunner.java:63)
	at org.testng.internal.invokers.TestInvoker$MethodInvocationAgent.invoke(TestInvoker.java:992)
	at org.testng.internal.invokers.TestInvoker.invokeTestMethods(TestInvoker.java:203)
	at org.testng.internal.invokers.TestMethodWorker.invokeTestMethods(TestMethodWorker.java:154)
	at org.testng.internal.invokers.TestMethodWorker.run(TestMethodWorker.java:134)
	at java.base/java.util.ArrayList.forEach(ArrayList.java:1541)
	at org.testng.TestRunner.privateRun(TestRunner.java:739)
	at org.testng.TestRunner.run(TestRunner.java:614)
	at org.testng.SuiteRunner.runTest(SuiteRunner.java:421)
	at org.testng.SuiteRunner.runSequentially(SuiteRunner.java:413)
	at org.testng.SuiteRunner.privateRun(SuiteRunner.java:373)
	at org.testng.SuiteRunner.run(SuiteRunner.java:312)
	at org.testng.SuiteRunnerWorker.runSuite(SuiteRunnerWorker.java:52)
	at org.testng.SuiteRunnerWorker.run(SuiteRunnerWorker.java:95)
	at org.testng.TestNG.runSuitesSequentially(TestNG.java:1274)
	at org.testng.TestNG.runSuitesLocally(TestNG.java:1208)
	at org.testng.TestNG.runSuites(TestNG.java:1112)
	at org.testng.TestNG.run(TestNG.java:1079)
	at org.apache.maven.surefire.testng.TestNGExecutor.run(TestNGExecutor.java:283)
	at org.apache.maven.surefire.testng.TestNGXmlTestSuite.execute(TestNGXmlTestSuite.java:75)
	at org.apache.maven.surefire.testng.TestNGProvider.invoke(TestNGProvider.java:120)
	at org.apache.maven.surefire.booter.ForkedBooter.invokeProviderInSameClassLoader(ForkedBooter.java:379)
	at org.apache.maven.surefire.booter.ForkedBooter.runSuitesInProcess(ForkedBooter.java:340)
	at org.apache.maven.surefire.booter.ForkedBooter.execute(ForkedBooter.java:125)
	at org.apache.maven.surefire.booter.ForkedBooter.main(ForkedBooter.java:413)

]]></system-err>
  </testcase>
  <testcase name="precondition" classname="demoqa.forms.PracticeFormPageTests" time="0">
    <skipped/>
  </testcase>
  <testcase name="PracticeFormTest" classname="demoqa.forms.PracticeFormPageTests" time="0">
    <skipped message="element click intercepted: Element &lt;div class=&quot;card mt-4 top-card&quot;&gt;...&lt;/div&gt; is not clickable at point (445, 564). Other element would receive the click: &lt;div&gt;...&lt;/div&gt;&#10;  (Session info: chrome=127.0.6533.120)&#10;Build info: version: &apos;4.23.1&apos;, revision: &apos;656257d8e9&apos;&#10;System info: os.name: &apos;Windows 10&apos;, os.arch: &apos;amd64&apos;, os.version: &apos;10.0&apos;, java.version: &apos;11.0.23&apos;&#10;Driver info: org.openqa.selenium.chrome.ChromeDriver&#10;Command: [99e79e8f8a01fe9e1a1fd53ad4dc33e1, clickElement {id=f.F521CEEBEFAFF53F6CEA714B66917D93.d.41488C4EFB323D19BADCB1DD1C7E8845.e.10}]&#10;Capabilities {acceptInsecureCerts: false, browserName: chrome, browserVersion: 127.0.6533.120, chrome: {chromedriverVersion: 127.0.6533.119 (bdef6783a05..., userDataDir: C:\Users\sereg\AppData\Loca...}, fedcm:accounts: true, goog:chromeOptions: {debuggerAddress: localhost:52723}, networkConnectionEnabled: false, pageLoadStrategy: normal, platformName: windows, proxy: Proxy(), se:cdp: ws://localhost:52723/devtoo..., se:cdpVersion: 127.0.6533.120, setWindowRect: true, strictFileInteractability: false, timeouts: {implicit: 0, pageLoad: 300000, script: 30000}, unhandledPromptBehavior: dismiss and notify, webauthn:extension:credBlob: true, webauthn:extension:largeBlob: true, webauthn:extension:minPinLength: true, webauthn:extension:prf: true, webauthn:virtualAuthenticators: true}&#10;Element: [[ChromeDriver: chrome on windows (99e79e8f8a01fe9e1a1fd53ad4dc33e1)] -&gt; css selector: .top-card:nth-child(2)]&#10;Session ID: 99e79e8f8a01fe9e1a1fd53ad4dc33e1"/>
  </testcase>
  <testcase name="endTest" classname="demoqa.forms.PracticeFormPageTests" time="0">
    <skipped/>
  </testcase>
  <testcase name="endTest" classname="demoqa.forms.PracticeFormPageTests" time="0">
    <skipped/>
  </testcase>
  <testcase name="startTest" classname="demoqa.forms.PracticeFormPageTests" time="0">
    <skipped/>
  </testcase>
  <testcase name="PracticeFormTestWithParameter" classname="demoqa.forms.PracticeFormPageTests" time="0">
    <skipped message="element click intercepted: Element &lt;div class=&quot;card mt-4 top-card&quot;&gt;...&lt;/div&gt; is not clickable at point (445, 564). Other element would receive the click: &lt;div&gt;...&lt;/div&gt;&#10;  (Session info: chrome=127.0.6533.120)&#10;Build info: version: &apos;4.23.1&apos;, revision: &apos;656257d8e9&apos;&#10;System info: os.name: &apos;Windows 10&apos;, os.arch: &apos;amd64&apos;, os.version: &apos;10.0&apos;, java.version: &apos;11.0.23&apos;&#10;Driver info: org.openqa.selenium.chrome.ChromeDriver&#10;Command: [99e79e8f8a01fe9e1a1fd53ad4dc33e1, clickElement {id=f.F521CEEBEFAFF53F6CEA714B66917D93.d.41488C4EFB323D19BADCB1DD1C7E8845.e.10}]&#10;Capabilities {acceptInsecureCerts: false, browserName: chrome, browserVersion: 127.0.6533.120, chrome: {chromedriverVersion: 127.0.6533.119 (bdef6783a05..., userDataDir: C:\Users\sereg\AppData\Loca...}, fedcm:accounts: true, goog:chromeOptions: {debuggerAddress: localhost:52723}, networkConnectionEnabled: false, pageLoadStrategy: normal, platformName: windows, proxy: Proxy(), se:cdp: ws://localhost:52723/devtoo..., se:cdpVersion: 127.0.6533.120, setWindowRect: true, strictFileInteractability: false, timeouts: {implicit: 0, pageLoad: 300000, script: 30000}, unhandledPromptBehavior: dismiss and notify, webauthn:extension:credBlob: true, webauthn:extension:largeBlob: true, webauthn:extension:minPinLength: true, webauthn:extension:prf: true, webauthn:virtualAuthenticators: true}&#10;Element: [[ChromeDriver: chrome on windows (99e79e8f8a01fe9e1a1fd53ad4dc33e1)] -&gt; css selector: .top-card:nth-child(2)]&#10;Session ID: 99e79e8f8a01fe9e1a1fd53ad4dc33e1"/>
  </testcase>
</testsuite>